-------------------------------------------------------------------------------
Test set: TestSuite
-------------------------------------------------------------------------------
Tests run: 3, Failures: 1, Errors: 0, Skipped: 2, Time elapsed: 0.568 s <<< FAILURE! - in TestSuite
SampleTest.beforeMethodMethod[chrome, public void SampleTest.enterEmailTest()](0)  Time elapsed: 0.461 s  <<< FAILURE!
java.lang.IllegalStateException: The driver executable must exist: C:\Users\prashanthi\dummy\drivers\chromedriver

