<?xml version="1.0" encoding="UTF-8"?>
<testsuite xmlns:xsi="http://www.w3.org/2001/XMLSchema-instance" xsi:noNamespaceSchemaLocation="https://maven.apache.org/surefire/maven-surefire-plugin/xsd/surefire-test-report-3.0.xsd" version="3.0" name="TestSuite" time="0.568" tests="3" errors="0" skipped="2" failures="1">
  <properties>
[...]
</properties>
  <testcase name="beforeMethodMethod[chrome, public void SampleTest.enterEmailTest()](0)" classname="SampleTest" time="0.461">
    <failure message="The driver executable must exist: C:\Users\prashanthi\dummy\drivers\chromedriver" type="java.lang.IllegalStateException"><![CDATA[java.lang.IllegalStateException: The driver executable must exist: C:\Users\prashanthi\dummy\drivers\chromedriver
]]></failure>
  </testcase>
  <testcase name="enterEmailTest" classname="SampleTest" time="0">
    <skipped message="The driver executable must exist: C:\Users\prashanthi\dummy\drivers\chromedriver"/>
  </testcase>
  <testcase name="afterMethodMethod" classname="SampleTest" time="0">
    <skipped/>
  </testcase>
</testsuite>